<?xml version="1.0" encoding="UTF-8"?>
<!-- Generated by org.testng.reporters.JUnitReportReporter -->
<testsuite hostname="lptw-vhonnagiri" failures="0" tests="1" name="script.TestClass1" time="9.347" errors="0" timestamp="25 Jul 2022 02:50:57 GMT" skipped="0">
  <testcase classname="script.TestClass1" name="testA" time="9.347"/>
</testsuite> <!-- script.TestClass1 -->
