<?xml version="1.0" encoding="UTF-8"?>
<!-- Generated by org.testng.reporters.JUnitReportReporter -->
<testsuite hostname="lptw-vhonnagiri" failures="0" tests="1" name="script.ValidLogin" time="40.163" errors="0" timestamp="29 Jul 2022 02:26:08 GMT" skipped="0">
  <testcase classname="script.ValidLogin" name="testValidLogin" time="40.163"/>
</testsuite> <!-- script.ValidLogin -->
