<?xml version="1.0" encoding="UTF-8"?>
<!-- Generated by org.testng.reporters.JUnitReportReporter -->
<testsuite hostname="lptw-vhonnagiri" failures="0" tests="1" name="script.InvalidLogin" time="22.722" errors="0" timestamp="27 Jul 2022 02:24:39 GMT" skipped="0">
  <testcase classname="script.InvalidLogin" name="testInvalidLogin" time="22.722"/>
</testsuite> <!-- script.InvalidLogin -->
